2025-03-20 20:11:47,494 WARN streaming.StreamJob: -file option is deprecated, please use generic option -files instead.
packageJobJar: [mapper.py, reducer.py, /tmp/hadoop-unjar2781443769099579464/] [] /tmp/streamjob5854215329934765153.jar tmpDir=null
2025-03-20 20:11:50,424 INFO client.DefaultNoHARMFailoverProxyProvider: Connecting to ResourceManager at master/192.168.2.200:8032
2025-03-20 20:11:50,974 INFO client.DefaultNoHARMFailoverProxyProvider: Connecting to ResourceManager at master/192.168.2.200:8032
2025-03-20 20:11:53,096 INFO mapreduce.JobResourceUploader: Disabling Erasure Coding for path: /tmp/hadoop-yarn/staging/ubuntu/.staging/job_1742495983513_0005
2025-03-20 20:12:03,768 INFO mapred.FileInputFormat: Total input files to process : 1
2025-03-20 20:12:03,931 INFO net.NetworkTopology: Adding a new node: /default-rack/192.168.2.200:9866
2025-03-20 20:12:13,207 INFO mapreduce.JobSubmitter: number of splits:2
2025-03-20 20:12:23,109 INFO mapreduce.JobSubmitter: Submitting tokens for job: job_1742495983513_0005
2025-03-20 20:12:23,111 INFO mapreduce.JobSubmitter: Executing with tokens: []
2025-03-20 20:12:23,765 INFO conf.Configuration: resource-types.xml not found
2025-03-20 20:12:23,765 INFO resource.ResourceUtils: Unable to find 'resource-types.xml'.
2025-03-20 20:12:24,015 INFO impl.YarnClientImpl: Submitted application application_1742495983513_0005
2025-03-20 20:12:24,391 INFO mapreduce.Job: The url to track the job: http://master:8088/proxy/application_1742495983513_0005/
2025-03-20 20:12:24,394 INFO mapreduce.Job: Running job: job_1742495983513_0005
2025-03-20 20:12:31,601 INFO mapreduce.Job: Job job_1742495983513_0005 running in uber mode : false
2025-03-20 20:12:31,610 INFO mapreduce.Job:  map 0% reduce 0%
2025-03-20 20:13:00,013 INFO mapreduce.Job:  map 41% reduce 0%
2025-03-20 20:13:03,137 INFO mapreduce.Job:  map 73% reduce 0%
2025-03-20 20:13:04,150 INFO mapreduce.Job:  map 100% reduce 0%
2025-03-20 20:13:47,619 INFO mapreduce.Job:  map 100% reduce 67%
2025-03-20 20:13:57,721 INFO mapreduce.Job:  map 100% reduce 100%
2025-03-20 20:14:04,818 INFO mapreduce.Job: Job job_1742495983513_0005 completed successfully
2025-03-20 20:14:04,982 INFO mapreduce.Job: Counters: 54
	File System Counters
		FILE: Number of bytes read=30013
		FILE: Number of bytes written=899470
		FILE: Number of read operations=0
		FILE: Number of large read operations=0
		FILE: Number of write operations=0
		HDFS: Number of bytes read=197220147
		HDFS: Number of bytes written=117
		HDFS: Number of read operations=11
		HDFS: Number of large read operations=0
		HDFS: Number of write operations=2
		HDFS: Number of bytes read erasure-coded=0
	Job Counters 
		Launched map tasks=2
		Launched reduce tasks=1
		Data-local map tasks=2
		Total time spent by all maps in occupied slots (ms)=55600
		Total time spent by all reduces in occupied slots (ms)=51914
		Total time spent by all map tasks (ms)=55600
		Total time spent by all reduce tasks (ms)=51914
		Total vcore-milliseconds taken by all map tasks=55600
		Total vcore-milliseconds taken by all reduce tasks=51914
		Total megabyte-milliseconds taken by all map tasks=56934400
		Total megabyte-milliseconds taken by all reduce tasks=53159936
	Map-Reduce Framework
		Map input records=50000
		Map output records=1481
		Map output bytes=27045
		Map output materialized bytes=30019
		Input split bytes=174
		Combine input records=0
		Combine output records=0
		Reduce input groups=10
		Reduce shuffle bytes=30019
		Reduce input records=1481
		Reduce output records=10
		Spilled Records=2962
		Shuffled Maps =2
		Failed Shuffles=0
		Merged Map outputs=2
		GC time elapsed (ms)=452
		CPU time spent (ms)=6850
		Physical memory (bytes) snapshot=565366784
		Virtual memory (bytes) snapshot=7490453504
		Total committed heap usage (bytes)=307437568
		Peak Map Physical memory (bytes)=232939520
		Peak Map Virtual memory (bytes)=2513469440
		Peak Reduce Physical memory (bytes)=124293120
		Peak Reduce Virtual memory (bytes)=2517049344
	Shuffle Errors
		BAD_ID=0
		CONNECTION=0
		IO_ERROR=0
		WRONG_LENGTH=0
		WRONG_MAP=0
		WRONG_REDUCE=0
	File Input Format Counters 
		Bytes Read=197219973
	File Output Format Counters 
		Bytes Written=117
2025-03-20 20:14:04,983 INFO streaming.StreamJob: Output directory: /output_2slaves

real	2m21.606s
user	0m6.902s
sys	0m0.577s
