2025-03-20 21:45:49,829 WARN streaming.StreamJob: -file option is deprecated, please use generic option -files instead.
packageJobJar: [mapper.py, reducer.py, /tmp/hadoop-unjar2794141427170923484/] [] /tmp/streamjob100171778749393936.jar tmpDir=null
2025-03-20 21:45:52,464 INFO client.DefaultNoHARMFailoverProxyProvider: Connecting to ResourceManager at master/192.168.2.200:8032
2025-03-20 21:45:53,499 INFO client.DefaultNoHARMFailoverProxyProvider: Connecting to ResourceManager at master/192.168.2.200:8032
2025-03-20 21:45:56,021 INFO mapreduce.JobResourceUploader: Disabling Erasure Coding for path: /tmp/hadoop-yarn/staging/ubuntu/.staging/job_1742506890473_0002
2025-03-20 21:46:00,521 INFO mapred.FileInputFormat: Total input files to process : 1
2025-03-20 21:46:04,855 INFO mapreduce.JobSubmitter: number of splits:3
2025-03-20 21:46:06,991 INFO mapreduce.JobSubmitter: Submitting tokens for job: job_1742506890473_0002
2025-03-20 21:46:06,991 INFO mapreduce.JobSubmitter: Executing with tokens: []
2025-03-20 21:46:07,978 INFO conf.Configuration: resource-types.xml not found
2025-03-20 21:46:07,979 INFO resource.ResourceUtils: Unable to find 'resource-types.xml'.
2025-03-20 21:46:08,268 INFO impl.YarnClientImpl: Submitted application application_1742506890473_0002
2025-03-20 21:46:08,434 INFO mapreduce.Job: The url to track the job: http://master:8088/proxy/application_1742506890473_0002/
2025-03-20 21:46:08,441 INFO mapreduce.Job: Running job: job_1742506890473_0002
2025-03-20 21:46:17,652 INFO mapreduce.Job: Job job_1742506890473_0002 running in uber mode : false
2025-03-20 21:46:17,657 INFO mapreduce.Job:  map 0% reduce 0%
2025-03-20 21:46:50,439 INFO mapreduce.Job:  map 33% reduce 0%
2025-03-20 21:46:52,461 INFO mapreduce.Job:  map 67% reduce 0%
2025-03-20 21:46:55,493 INFO mapreduce.Job:  map 100% reduce 0%
2025-03-20 21:48:08,583 INFO mapreduce.Job:  map 100% reduce 100%
2025-03-20 21:48:16,699 INFO mapreduce.Job: Job job_1742506890473_0002 completed successfully
2025-03-20 21:48:16,947 INFO mapreduce.Job: Counters: 54
	File System Counters
		FILE: Number of bytes read=61878
		FILE: Number of bytes written=1243029
		FILE: Number of read operations=0
		FILE: Number of large read operations=0
		FILE: Number of write operations=0
		HDFS: Number of bytes read=394328170
		HDFS: Number of bytes written=119
		HDFS: Number of read operations=14
		HDFS: Number of large read operations=0
		HDFS: Number of write operations=2
		HDFS: Number of bytes read erasure-coded=0
	Job Counters 
		Launched map tasks=3
		Launched reduce tasks=1
		Rack-local map tasks=3
		Total time spent by all maps in occupied slots (ms)=95424
		Total time spent by all reduces in occupied slots (ms)=75957
		Total time spent by all map tasks (ms)=95424
		Total time spent by all reduce tasks (ms)=75957
		Total vcore-milliseconds taken by all map tasks=95424
		Total vcore-milliseconds taken by all reduce tasks=75957
		Total megabyte-milliseconds taken by all map tasks=97714176
		Total megabyte-milliseconds taken by all reduce tasks=77779968
	Map-Reduce Framework
		Map input records=100000
		Map output records=3076
		Map output bytes=55720
		Map output materialized bytes=61890
		Input split bytes=264
		Combine input records=0
		Combine output records=0
		Reduce input groups=10
		Reduce shuffle bytes=61890
		Reduce input records=3076
		Reduce output records=10
		Spilled Records=6152
		Shuffled Maps =3
		Failed Shuffles=0
		Merged Map outputs=3
		GC time elapsed (ms)=336
		CPU time spent (ms)=4730
		Physical memory (bytes) snapshot=794361856
		Virtual memory (bytes) snapshot=9984815104
		Total committed heap usage (bytes)=444870656
		Peak Map Physical memory (bytes)=226156544
		Peak Map Virtual memory (bytes)=2495631360
		Peak Reduce Physical memory (bytes)=118312960
		Peak Reduce Virtual memory (bytes)=2500018176
	Shuffle Errors
		BAD_ID=0
		CONNECTION=0
		IO_ERROR=0
		WRONG_LENGTH=0
		WRONG_MAP=0
		WRONG_REDUCE=0
	File Input Format Counters 
		Bytes Read=394327906
	File Output Format Counters 
		Bytes Written=119
2025-03-20 21:48:16,948 INFO streaming.StreamJob: Output directory: /output_5slaves

real	2m29.103s
user	0m7.028s
sys	0m0.560s
