2025-03-20 20:14:27,730 WARN streaming.StreamJob: -file option is deprecated, please use generic option -files instead.
packageJobJar: [mapper.py, reducer.py, /tmp/hadoop-unjar7724242295082118434/] [] /tmp/streamjob2926936303394770683.jar tmpDir=null
2025-03-20 20:14:29,878 INFO client.DefaultNoHARMFailoverProxyProvider: Connecting to ResourceManager at master/192.168.2.200:8032
2025-03-20 20:14:30,609 INFO client.DefaultNoHARMFailoverProxyProvider: Connecting to ResourceManager at master/192.168.2.200:8032
2025-03-20 20:14:32,860 INFO mapreduce.JobResourceUploader: Disabling Erasure Coding for path: /tmp/hadoop-yarn/staging/ubuntu/.staging/job_1742495983513_0006
2025-03-20 20:14:53,339 INFO mapred.FileInputFormat: Total input files to process : 1
2025-03-20 20:14:55,108 INFO mapreduce.JobSubmitter: number of splits:3
2025-03-20 20:14:56,662 INFO mapreduce.JobSubmitter: Submitting tokens for job: job_1742495983513_0006
2025-03-20 20:14:56,662 INFO mapreduce.JobSubmitter: Executing with tokens: []
2025-03-20 20:14:57,433 INFO conf.Configuration: resource-types.xml not found
2025-03-20 20:14:57,434 INFO resource.ResourceUtils: Unable to find 'resource-types.xml'.
2025-03-20 20:14:57,556 INFO impl.YarnClientImpl: Submitted application application_1742495983513_0006
2025-03-20 20:14:57,696 INFO mapreduce.Job: The url to track the job: http://master:8088/proxy/application_1742495983513_0006/
2025-03-20 20:14:57,698 INFO mapreduce.Job: Running job: job_1742495983513_0006
2025-03-20 20:15:05,906 INFO mapreduce.Job: Job job_1742495983513_0006 running in uber mode : false
2025-03-20 20:15:05,911 INFO mapreduce.Job:  map 0% reduce 0%
2025-03-20 20:15:36,256 INFO mapreduce.Job:  map 26% reduce 0%
2025-03-20 20:15:42,309 INFO mapreduce.Job:  map 42% reduce 0%
2025-03-20 20:15:48,474 INFO mapreduce.Job:  map 48% reduce 0%
2025-03-20 20:15:52,792 INFO mapreduce.Job:  map 61% reduce 0%
2025-03-20 20:15:53,798 INFO mapreduce.Job:  map 81% reduce 0%
2025-03-20 20:15:54,803 INFO mapreduce.Job:  map 100% reduce 0%
2025-03-20 20:19:31,718 INFO mapreduce.Job:  map 100% reduce 100%
2025-03-20 20:19:51,873 INFO mapreduce.Job: Job job_1742495983513_0006 completed successfully
2025-03-20 20:19:53,055 INFO mapreduce.Job: Counters: 55
	File System Counters
		FILE: Number of bytes read=61878
		FILE: Number of bytes written=1243041
		FILE: Number of read operations=0
		FILE: Number of large read operations=0
		FILE: Number of write operations=0
		HDFS: Number of bytes read=394328170
		HDFS: Number of bytes written=119
		HDFS: Number of read operations=14
		HDFS: Number of large read operations=0
		HDFS: Number of write operations=2
		HDFS: Number of bytes read erasure-coded=0
	Job Counters 
		Killed map tasks=1
		Launched map tasks=3
		Launched reduce tasks=1
		Data-local map tasks=3
		Total time spent by all maps in occupied slots (ms)=133807
		Total time spent by all reduces in occupied slots (ms)=224552
		Total time spent by all map tasks (ms)=133807
		Total time spent by all reduce tasks (ms)=224552
		Total vcore-milliseconds taken by all map tasks=133807
		Total vcore-milliseconds taken by all reduce tasks=224552
		Total megabyte-milliseconds taken by all map tasks=137018368
		Total megabyte-milliseconds taken by all reduce tasks=229941248
	Map-Reduce Framework
		Map input records=100000
		Map output records=3076
		Map output bytes=55720
		Map output materialized bytes=61890
		Input split bytes=264
		Combine input records=0
		Combine output records=0
		Reduce input groups=10
		Reduce shuffle bytes=61890
		Reduce input records=3076
		Reduce output records=10
		Spilled Records=6152
		Shuffled Maps =3
		Failed Shuffles=0
		Merged Map outputs=3
		GC time elapsed (ms)=1098
		CPU time spent (ms)=12290
		Physical memory (bytes) snapshot=754028544
		Virtual memory (bytes) snapshot=9983574016
		Total committed heap usage (bytes)=444870656
		Peak Map Physical memory (bytes)=228298752
		Peak Map Virtual memory (bytes)=2513580032
		Peak Reduce Physical memory (bytes)=120827904
		Peak Reduce Virtual memory (bytes)=2499825664
	Shuffle Errors
		BAD_ID=0
		CONNECTION=0
		IO_ERROR=0
		WRONG_LENGTH=0
		WRONG_MAP=0
		WRONG_REDUCE=0
	File Input Format Counters 
		Bytes Read=394327906
	File Output Format Counters 
		Bytes Written=119
2025-03-20 20:19:53,056 INFO streaming.StreamJob: Output directory: /output_2slaves

real	5m28.480s
user	0m7.910s
sys	0m0.763s
